[15:21:26] [Server thread/INFO]: Starting minecraft server version 1.7.2
[15:21:26] [Server thread/WARN]: To start the server with more ram, launch it as "java -Xmx1024M -Xms1024M -jar minecraft_server.jar"
[15:21:26] [Server thread/INFO]: Loading properties
[15:21:26] [Server thread/WARN]: server.properties does not exist
[15:21:26] [Server thread/INFO]: Generating new properties file
[15:21:27] [Server thread/INFO]: Default game type: SURVIVAL
[15:21:27] [Server thread/INFO]: Generating keypair
[15:21:27] [Server thread/INFO]: Starting Minecraft server on *:25565
[15:21:28] [Server thread/INFO]: This server is running CraftBukkit version git-Bukkit-1.7.2-R0.3-b3020jnks (MC: 1.7.2) (Implementing API version 1.7.2-R0.3)
[15:21:28] [Thread-6/WARN]: Exception in thread "Thread-6" 
[15:21:28] [Thread-6/WARN]: java.lang.NullPointerException
[15:21:28] [Thread-6/WARN]: 	at sun.net.www.protocol.http.NegotiateAuthentication.isSupported(Unknown Source)
[15:21:28] [Thread-6/WARN]: 	at sun.net.www.protocol.http.AuthenticationHeader.parse(Unknown Source)
[15:21:28] [Thread-6/WARN]: 	at sun.net.www.protocol.http.AuthenticationHeader.<init>(Unknown Source)
[15:21:28] [Thread-6/WARN]: 	at sun.net.www.protocol.http.HttpURLConnection.getInputStream(Unknown Source)
[15:21:28] [Thread-6/WARN]: 	at org.bukkit.craftbukkit.v1_7_R1.updater.BukkitDLUpdaterService.fetchArtifact(BukkitDLUpdaterService.java:51)
[15:21:28] [Thread-6/WARN]: 	at org.bukkit.craftbukkit.v1_7_R1.updater.BukkitDLUpdaterService.getArtifact(BukkitDLUpdaterService.java:30)
[15:21:28] [Thread-6/WARN]: 	at org.bukkit.craftbukkit.v1_7_R1.updater.AutoUpdater$1.run(AutoUpdater.java:77)
[15:21:28] [Server thread/WARN]: Failed to load operators list: java.io.FileNotFoundException: .\ops.txt (The system cannot find the file specified)
[15:21:28] [Server thread/WARN]: Failed to load white-list: java.io.FileNotFoundException: .\white-list.txt (The system cannot find the file specified)
[15:21:29] [Server thread/INFO]: Preparing level "world"
[15:21:29] [Server thread/WARN]: Unable to find spawn biome
[15:21:30] [Server thread/INFO]: Preparing start region for level 0 (Seed: -7576392033830642470)
[15:21:31] [Server thread/INFO]: Preparing spawn area: 4%
[15:21:32] [Server thread/INFO]: Preparing spawn area: 8%
[15:21:33] [Server thread/INFO]: Preparing spawn area: 13%
[15:21:34] [Server thread/INFO]: Preparing spawn area: 16%
[15:21:35] [Server thread/INFO]: Preparing spawn area: 20%
[15:21:36] [Server thread/INFO]: Preparing spawn area: 24%
[15:21:37] [Server thread/INFO]: Preparing spawn area: 28%
[15:21:38] [Server thread/INFO]: Preparing spawn area: 33%
[15:21:39] [Server thread/INFO]: Preparing spawn area: 37%
[15:21:40] [Server thread/INFO]: Preparing spawn area: 41%
[15:21:41] [Server thread/INFO]: Preparing spawn area: 45%
[15:21:42] [Server thread/INFO]: Preparing spawn area: 49%
[15:21:43] [Server thread/INFO]: Preparing spawn area: 53%
[15:21:45] [Server thread/INFO]: Preparing spawn area: 59%
[15:21:46] [Server thread/INFO]: Preparing spawn area: 63%
[15:21:47] [Server thread/INFO]: Preparing spawn area: 68%
[15:21:48] [Server thread/INFO]: Preparing spawn area: 72%
[15:21:49] [Server thread/INFO]: Preparing spawn area: 77%
[15:21:50] [Server thread/INFO]: Preparing spawn area: 82%
[15:21:51] [Server thread/INFO]: Preparing spawn area: 87%
[15:21:52] [Server thread/INFO]: Preparing spawn area: 92%
[15:21:53] [Server thread/INFO]: Preparing spawn area: 98%
[15:21:53] [Server thread/INFO]: Preparing start region for level 1 (Seed: -7576392033830642470)
[15:21:54] [Server thread/INFO]: Preparing spawn area: 7%
[15:21:55] [Server thread/INFO]: Preparing spawn area: 14%
[15:21:56] [Server thread/INFO]: Preparing spawn area: 21%
[15:21:57] [Server thread/INFO]: Preparing spawn area: 28%
[15:21:58] [Server thread/INFO]: Preparing spawn area: 35%
[15:21:59] [Server thread/INFO]: Preparing spawn area: 42%
[15:22:00] [Server thread/INFO]: Preparing spawn area: 49%
[15:22:01] [Server thread/INFO]: Preparing spawn area: 51%
[15:22:02] [Server thread/INFO]: Preparing spawn area: 56%
[15:22:03] [Server thread/INFO]: Preparing spawn area: 63%
[15:22:04] [Server thread/INFO]: Preparing spawn area: 71%
[15:22:05] [Server thread/INFO]: Preparing spawn area: 78%
[15:22:06] [Server thread/INFO]: Preparing spawn area: 85%
[15:22:07] [Server thread/INFO]: Preparing spawn area: 91%
[15:22:08] [Server thread/INFO]: Preparing spawn area: 98%
[15:22:09] [Server thread/INFO]: Preparing start region for level 2 (Seed: -7576392033830642470)
[15:22:10] [Server thread/INFO]: Preparing spawn area: 21%
[15:22:11] [Server thread/INFO]: Preparing spawn area: 46%
[15:22:12] [Server thread/INFO]: Preparing spawn area: 62%
[15:22:13] [Server thread/INFO]: Preparing spawn area: 87%
[15:22:13] [Server thread/INFO]: Done (44.995s)! For help, type "help" or "?"
