2014-04-16 15:05:52 [INFO] Starting minecraft server version 1.6.4
2014-04-16 15:05:52 [WARNING] To start the server with more ram, launch it as "java -Xmx1024M -Xms1024M -jar minecraft_server.jar"
2014-04-16 15:05:52 [INFO] Loading properties
2014-04-16 15:05:52 [WARNING] server.properties does not exist
2014-04-16 15:05:52 [INFO] Generating new properties file
2014-04-16 15:05:52 [INFO] Default game type: SURVIVAL
2014-04-16 15:05:52 [INFO] Generating keypair
2014-04-16 15:05:53 [INFO] Starting Minecraft server on *:25565
2014-04-16 15:05:54 [INFO] This server is running CraftBukkit version git-Bukkit-1.6.4-R2.0-b2918jnks (MC: 1.6.4) (Implementing API version 1.6.4-R2.0)
2014-04-16 15:05:55 [SEVERE] Exception in thread "Thread-6" 
2014-04-16 15:05:55 [SEVERE] java.lang.NullPointerException
2014-04-16 15:05:55 [SEVERE] 	at sun.net.www.protocol.http.NegotiateAuthentication.isSupported(Unknown Source)
2014-04-16 15:05:55 [SEVERE] 	at sun.net.www.protocol.http.AuthenticationHeader.parse(Unknown Source)
2014-04-16 15:05:55 [SEVERE] 	at sun.net.www.protocol.http.AuthenticationHeader.<init>(Unknown Source)
2014-04-16 15:05:55 [SEVERE] 	at sun.net.www.protocol.http.HttpURLConnection.getInputStream(Unknown Source)
2014-04-16 15:05:55 [SEVERE] 	at org.bukkit.craftbukkit.v1_6_R3.updater.BukkitDLUpdaterService.fetchArtifact(BukkitDLUpdaterService.java:49)
2014-04-16 15:05:55 [SEVERE] 	at org.bukkit.craftbukkit.v1_6_R3.updater.BukkitDLUpdaterService.getArtifact(BukkitDLUpdaterService.java:28)
2014-04-16 15:05:55 [SEVERE] 	at org.bukkit.craftbukkit.v1_6_R3.updater.AutoUpdater$1.run(AutoUpdater.java:77)
2014-04-16 15:05:55 [INFO] [Base Wars] Loading Base Wars v0.0.1
2014-04-16 15:05:55 [INFO] [ProtocolLib] Loading ProtocolLib v3.1.3-SNAPSHOT
2014-04-16 15:05:56 [INFO] [DisguiseCraft] Loading DisguiseCraft v5.0
2014-04-16 15:05:56 [INFO] [TagAPI] Loading TagAPI v2.5
2014-04-16 15:05:56 [INFO] [ProtocolLib] Enabling ProtocolLib v3.1.3-SNAPSHOT
2014-04-16 15:05:56 [INFO] [ProtocolLib] Started structure compiler thread.
2014-04-16 15:05:56 [WARNING] Failed to load operators list: java.io.FileNotFoundException: .\ops.txt (The system cannot find the file specified)
2014-04-16 15:05:56 [WARNING] Failed to load white-list: java.io.FileNotFoundException: .\white-list.txt (The system cannot find the file specified)
2014-04-16 15:05:56 [INFO] Preparing level "world"
2014-04-16 15:05:57 [INFO] Preparing start region for level 0 (Seed: -3430341018707566211)
2014-04-16 15:05:58 [INFO] Preparing spawn area: 25%
2014-04-16 15:05:59 [INFO] Preparing spawn area: 30%
2014-04-16 15:06:00 [INFO] Preparing spawn area: 37%
2014-04-16 15:06:01 [INFO] Preparing spawn area: 45%
2014-04-16 15:06:02 [INFO] Preparing spawn area: 51%
2014-04-16 15:06:03 [INFO] Preparing spawn area: 58%
2014-04-16 15:06:04 [INFO] Preparing spawn area: 67%
2014-04-16 15:06:05 [INFO] Preparing spawn area: 76%
2014-04-16 15:06:06 [INFO] Preparing spawn area: 85%
2014-04-16 15:06:07 [INFO] Preparing spawn area: 97%
2014-04-16 15:06:07 [INFO] Preparing start region for level 1 (Seed: 646819894650144668)
2014-04-16 15:06:08 [INFO] Preparing spawn area: 65%
2014-04-16 15:06:08 [INFO] Preparing start region for level 2 (Seed: 646819894650144668)
2014-04-16 15:06:09 [INFO] [Base Wars] Enabling Base Wars v0.0.1
2014-04-16 15:06:09 [INFO] [DisguiseCraft] Enabling DisguiseCraft v5.0
2014-04-16 15:06:10 [INFO] [DisguiseCraft] Version 5.0 is enabled!
2014-04-16 15:06:10 [INFO] [TagAPI] Enabling TagAPI v2.5
2014-04-16 15:06:10 [INFO] [TagAPI] Detected ProtocolLib, using that for handling!
2014-04-16 15:06:10 [INFO] [TagAPI] Using hooks for CraftBukkit via ProtocolLib
2014-04-16 15:06:10 [INFO] Done (14.214s)! For help, type "help" or "?"
2014-04-16 15:06:10 [SEVERE] Exception in thread "pool-1-thread-3" 
2014-04-16 15:06:10 [SEVERE] org.apache.commons.lang.UnhandledException: Plugin DisguiseCraft v5.0 generated an exception while executing task 4
	at org.bukkit.craftbukkit.v1_6_R3.scheduler.CraftAsyncTask.run(CraftAsyncTask.java:56)
	at java.util.concurrent.ThreadPoolExecutor.runWorker(Unknown Source)
	at java.util.concurrent.ThreadPoolExecutor$Worker.run(Unknown Source)
	at java.lang.Thread.run(Unknown Source)
Caused by: java.lang.NullPointerException
	at sun.net.www.protocol.http.NegotiateAuthentication.isSupported(Unknown Source)
	at sun.net.www.protocol.http.AuthenticationHeader.parse(Unknown Source)
	at sun.net.www.protocol.http.AuthenticationHeader.<init>(Unknown Source)
	at sun.net.www.protocol.http.HttpURLConnection.getInputStream(Unknown Source)
	at pgDev.bukkit.DisguiseCraft.stats.Metrics.postPlugin(Metrics.java:454)
	at pgDev.bukkit.DisguiseCraft.stats.Metrics.access$400(Metrics.java:57)
	at pgDev.bukkit.DisguiseCraft.stats.Metrics$1.run(Metrics.java:223)
	at org.bukkit.craftbukkit.v1_6_R3.scheduler.CraftTask.run(CraftTask.java:53)
	at org.bukkit.craftbukkit.v1_6_R3.scheduler.CraftAsyncTask.run(CraftAsyncTask.java:53)
	... 3 more

2014-04-16 15:06:20 [WARNING] [ProtocolLib] The updater could not contact dev.bukkit.org for updating.
2014-04-16 15:06:20 [WARNING] [ProtocolLib] If you have not recently modified your configuration and this is the first time you are seeing this message, the site may be experiencing temporary downtime.
2014-04-16 15:06:20 [SEVERE] java.net.SocketTimeoutException: connect timed out
2014-04-16 15:06:20 [SEVERE] 	at java.net.DualStackPlainSocketImpl.waitForConnect(Native Method)
2014-04-16 15:06:20 [SEVERE] 	at java.net.DualStackPlainSocketImpl.socketConnect(Unknown Source)
2014-04-16 15:06:20 [SEVERE] 	at java.net.AbstractPlainSocketImpl.doConnect(Unknown Source)
2014-04-16 15:06:20 [SEVERE] 	at java.net.AbstractPlainSocketImpl.connectToAddress(Unknown Source)
2014-04-16 15:06:20 [SEVERE] 	at java.net.AbstractPlainSocketImpl.connect(Unknown Source)
2014-04-16 15:06:20 [SEVERE] 	at java.net.PlainSocketImpl.connect(Unknown Source)
2014-04-16 15:06:20 [SEVERE] 	at java.net.SocksSocketImpl.connect(Unknown Source)
2014-04-16 15:06:20 [SEVERE] 	at java.net.Socket.connect(Unknown Source)
2014-04-16 15:06:20 [SEVERE] 	at sun.security.ssl.SSLSocketImpl.connect(Unknown Source)
2014-04-16 15:06:20 [SEVERE] 	at sun.net.NetworkClient.doConnect(Unknown Source)
2014-04-16 15:06:20 [SEVERE] 	at sun.net.www.http.HttpClient.openServer(Unknown Source)
2014-04-16 15:06:20 [SEVERE] 	at sun.net.www.http.HttpClient.openServer(Unknown Source)
2014-04-16 15:06:20 [SEVERE] 	at sun.net.www.protocol.https.HttpsClient.<init>(Unknown Source)
2014-04-16 15:06:20 [SEVERE] 	at sun.net.www.protocol.https.HttpsClient.New(Unknown Source)
2014-04-16 15:06:20 [SEVERE] 	at sun.net.www.protocol.https.AbstractDelegateHttpsURLConnection.getNewHttpClient(Unknown Source)
2014-04-16 15:06:20 [SEVERE] 	at sun.net.www.protocol.http.HttpURLConnection.plainConnect(Unknown Source)
2014-04-16 15:06:20 [SEVERE] 	at sun.net.www.protocol.https.AbstractDelegateHttpsURLConnection.connect(Unknown Source)
2014-04-16 15:06:20 [SEVERE] 	at sun.net.www.protocol.http.HttpURLConnection.getInputStream(Unknown Source)
2014-04-16 15:06:20 [SEVERE] 	at sun.net.www.protocol.https.HttpsURLConnectionImpl.getInputStream(Unknown Source)
2014-04-16 15:06:20 [SEVERE] 	at com.comphenix.protocol.metrics.Updater.read(Updater.java:531)
2014-04-16 15:06:20 [SEVERE] 	at com.comphenix.protocol.metrics.Updater.access$200(Updater.java:48)
2014-04-16 15:06:20 [SEVERE] 	at com.comphenix.protocol.metrics.Updater$UpdateRunnable.run(Updater.java:570)
2014-04-16 15:06:20 [SEVERE] 	at java.lang.Thread.run(Unknown Source)
2014-04-16 15:06:20 [INFO] [0;34;1m[ProtocolLib] For some reason, the updater was unable to contact dev.bukkit.org to download the file.[m
